#
# A fatal error has been detected by the Java Runtime Environment:
#
#  EXCEPTION_ACCESS_VIOLATION (0xc0000005) at pc=0x00007ffb83e91f0f, pid=5684, tid=10316
#
# JRE version: Java(TM) SE Runtime Environment 18.9 (11.0.7+8) (build 11.0.7+8-LTS)
# Java VM: Java HotSpot(TM) 64-Bit Server VM 18.9 (11.0.7+8-LTS, mixed mode, tiered, compressed oops, g1 gc, windows-amd64)
# Problematic frame:
# C  [78E6.tmp+0x1f0f]
#
# No core dump will be written. Minidumps are not enabled by default on client versions of Windows
#
# If you would like to submit a bug report, please visit:
#   https://bugreport.java.com/bugreport/crash.jsp
#

---------------  S U M M A R Y ------------

Command Line: -Dfile.encoding=UTF-8 voting.voter.Vote

Host: Intel(R) Core(TM) i5-10210U CPU @ 1.60GHz, 8 cores, 7G,  Windows 10 , 64 bit Build 19041 (10.0.19041.804)
Time: Mon Feb 22 00:22:45 2021 India Standard Time elapsed time: 8 seconds (0d 0h 0m 8s)

---------------  T H R E A D  ---------------

Current thread (0x000001afd5a79800):  VMThread "VM Thread" [stack: 0x000000223c200000,0x000000223c300000] [id=10316]

Stack: [0x000000223c200000,0x000000223c300000],  sp=0x000000223c2ff430,  free space=1021k
Native frames: (J=compiled Java code, j=interpreted, Vv=VM code, C=native code)
C  [78E6.tmp+0x1f0f]


siginfo: EXCEPTION_ACCESS_VIOLATION (0xc0000005), reading address 0x00007ffb90438610


Register to memory mapping:

RIP=0x00007ffb83e91f0f 78E6.tmp
RAX=0x00007ffb90438600 is an unknown value
RBX=0x000000007ffe0385 points into unknown readable memory: 00 00 00
RCX=0x000001afd96c8d98 points into unknown readable memory: 00 86 43 90 fb 7f 00 00
RDX=0x0 is NULL
RSP=0x000000223c2ff430 points into unknown readable memory: 02 00 00 00 00 00 00 00
RBP=0x000000223c2ff700 points into unknown readable memory: 10 00 00 00 00 00 00 00
RSI=0x00007ffb83e90000 78E6.tmp
RDI=0x0 is NULL
R8 =0x0000000000000001 is an unknown value
R9 =0x0000000000000001 is an unknown value
R10=0x000000007ffe0384 points into unknown readable memory: 00 00 00 00
R11=0x000000223c2ff500 points into unknown readable memory: 00 00 00 00 00 00 00 00
R12=0x00007ffb83e922e4 78E6.tmp
R13=0x000001afd5a4f898 points into unknown readable memory: 00 98 a7 d5 af 01 00 00
R14=0x0000000000000001 is an unknown value
R15=0x0000000000000001 is an unknown value


Registers:
RAX=0x00007ffb90438600, RBX=0x000000007ffe0385, RCX=0x000001afd96c8d98, RDX=0x0000000000000000
RSP=0x000000223c2ff430, RBP=0x000000223c2ff700, RSI=0x00007ffb83e90000, RDI=0x0000000000000000
R8 =0x0000000000000001, R9 =0x0000000000000001, R10=0x000000007ffe0384, R11=0x000000223c2ff500
R12=0x00007ffb83e922e4, R13=0x000001afd5a4f898, R14=0x0000000000000001, R15=0x0000000000000001
RIP=0x00007ffb83e91f0f, EFLAGS=0x0000000000010246

Top of Stack: (sp=0x000000223c2ff430)
0x000000223c2ff430:   0000000000000002 000000223c2ff420
0x000000223c2ff440:   0000000000000000 00007ffb9c807d93
0x000000223c2ff450:   0000000000000001 00007ffb83e921f9
0x000000223c2ff460:   0000000000000001 00007ffb9a510000
0x000000223c2ff470:   00007ffb9a510000 00007ffb9a518806
0x000000223c2ff480:   0000000000000001 0000000000000000
0x000000223c2ff490:   0000000000000001 00007ffb5bf30000
0x000000223c2ff4a0:   00007ffb83e90000 000000007ffe0384
0x000000223c2ff4b0:   0000000000000000 00007ffb9c807e1d
0x000000223c2ff4c0:   00007ffb83e90000 0000000000000000
0x000000223c2ff4d0:   0000000000000001 000000007ffe0385
0x000000223c2ff4e0:   0000000000000000 00007ffb9c834001
0x000000223c2ff4f0:   0000fcc84ba0e300 0000000000000014
0x000000223c2ff500:   0000000000000000 00007ffb83e922e4
0x000000223c2ff510:   000001afd5a79800 000001afd5a877b0
0x000000223c2ff520:   0000000000000000 00007ffb9c833e31 

Instructions: (pc=0x00007ffb83e91f0f)
0x00007ffb83e91eef:   01 00 00 00 48 83 c4 28 c3 85 d2 75 3a 83 3d 11
0x00007ffb83e91eff:   ac 01 00 01 75 31 48 8b 0d fc ab 01 00 48 8b 01
0x00007ffb83e91f0f:   ff 50 10 48 8b 0d ff ab 01 00 48 8b 01 ff 50 10
0x00007ffb83e91f1f:   48 8b 0d da ab 01 00 48 8b 01 ff 50 10 c7 05 de 


Stack slot to memory mapping:
stack at sp + 0 slots: 0x0000000000000002 is an unknown value
stack at sp + 1 slots: 0x000000223c2ff420 points into unknown readable memory: 00 00 00 00 00 00 00 00
stack at sp + 2 slots: 0x0 is NULL
stack at sp + 3 slots: 0x00007ffb9c807d93 ntdll.dll
stack at sp + 4 slots: 0x0000000000000001 is an unknown value
stack at sp + 5 slots: 0x00007ffb83e921f9 78E6.tmp
stack at sp + 6 slots: 0x0000000000000001 is an unknown value
stack at sp + 7 slots: 0x00007ffb9a510000 bcrypt.dll

VM_Operation (0x000000223d2faa50): Exit, mode: safepoint, requested by thread 0x000001afd6cce000


---------------  P R O C E S S  ---------------

Threads class SMR info:
_java_thread_list=0x000001afd86e1e20, length=16, elements={
0x000001afd5a7b800, 0x000001afd5a85800, 0x000001afd6412800, 0x000001afd5a94000,
0x000001afd5a95800, 0x000001afd5aa1800, 0x000001afd5aa4000, 0x000001afd656a000,
0x000001afd65b6800, 0x000001afd6abd000, 0x000001afd6abe000, 0x000001afd6cce000,
0x000001afb66f6800, 0x000001afd6cf3000, 0x000001afd9802000, 0x000001afd9807000
}

Java Threads: ( => current thread )
  0x000001afd5a7b800 JavaThread "Reference Handler" daemon [_thread_blocked, id=11188, stack(0x000000223c300000,0x000000223c400000)]
  0x000001afd5a85800 JavaThread "Finalizer" daemon [_thread_blocked, id=11164, stack(0x000000223c400000,0x000000223c500000)]
  0x000001afd6412800 JavaThread "Signal Dispatcher" daemon [_thread_blocked, id=1184, stack(0x000000223c500000,0x000000223c600000)]
  0x000001afd5a94000 JavaThread "Attach Listener" daemon [_thread_blocked, id=8540, stack(0x000000223c600000,0x000000223c700000)]
  0x000001afd5a95800 JavaThread "C2 CompilerThread0" daemon [_thread_blocked, id=8512, stack(0x000000223c700000,0x000000223c800000)]
  0x000001afd5aa1800 JavaThread "C1 CompilerThread0" daemon [_thread_blocked, id=13072, stack(0x000000223c800000,0x000000223c900000)]
  0x000001afd5aa4000 JavaThread "Sweeper thread" daemon [_thread_blocked, id=6884, stack(0x000000223c900000,0x000000223ca00000)]
  0x000001afd656a000 JavaThread "Service Thread" daemon [_thread_blocked, id=13020, stack(0x000000223ca00000,0x000000223cb00000)]
  0x000001afd65b6800 JavaThread "Common-Cleaner" daemon [_thread_blocked, id=11564, stack(0x000000223cc00000,0x000000223cd00000)]
  0x000001afd6abd000 JavaThread "Java2D Disposer" daemon [_thread_blocked, id=13096, stack(0x000000223cd00000,0x000000223ce00000)]
  0x000001afd6abe000 JavaThread "AWT-Shutdown" [_thread_blocked, id=11512, stack(0x000000223ce00000,0x000000223cf00000)]
  0x000001afd6cce000 JavaThread "AWT-EventQueue-0" [_thread_blocked, id=916, stack(0x000000223d200000,0x000000223d300000)]
  0x000001afb66f6800 JavaThread "DestroyJavaVM" [_thread_blocked, id=3080, stack(0x000000223bc00000,0x000000223bd00000)]
  0x000001afd6cf3000 JavaThread "TimerQueue" daemon [_thread_blocked, id=8504, stack(0x000000223d300000,0x000000223d400000)]
  0x000001afd9802000 JavaThread "OkHttp ConnectionPool" daemon [_thread_blocked, id=9896, stack(0x000000223dc00000,0x000000223dd00000)]
  0x000001afd9807000 JavaThread "Okio Watchdog" daemon [_thread_blocked, id=9944, stack(0x000000223de00000,0x000000223df00000)]

Other Threads:
=>0x000001afd5a79800 VMThread "VM Thread" [stack: 0x000000223c200000,0x000000223c300000] [id=10316]
  0x000001afb670c800 GCTaskThread "GC Thread#0" [stack: 0x000000223bd00000,0x000000223be00000] [id=8588]
  0x000001afd6f86800 GCTaskThread "GC Thread#1" [stack: 0x000000223d000000,0x000000223d100000] [id=2164]
  0x000001afd869d000 GCTaskThread "GC Thread#2" [stack: 0x000000223d100000,0x000000223d200000] [id=4280]
  0x000001afd869d800 GCTaskThread "GC Thread#3" [stack: 0x000000223d800000,0x000000223d900000] [id=7640]
  0x000001afd869e800 GCTaskThread "GC Thread#4" [stack: 0x000000223d900000,0x000000223da00000] [id=528]
  0x000001afd869f000 GCTaskThread "GC Thread#5" [stack: 0x000000223da00000,0x000000223db00000] [id=13384]
  0x000001afb673e000 ConcurrentGCThread "G1 Main Marker" [stack: 0x000000223be00000,0x000000223bf00000] [id=13064]
  0x000001afb673f800 ConcurrentGCThread "G1 Conc#0" [stack: 0x000000223bf00000,0x000000223c000000] [id=14888]
  0x000001afd7ccb800 ConcurrentGCThread "G1 Conc#1" [stack: 0x000000223dd00000,0x000000223de00000] [id=1232]
  0x000001afb67dc800 ConcurrentGCThread "G1 Refine#0" [stack: 0x000000223c000000,0x000000223c100000] [id=11700]
  0x000001afb67dd800 ConcurrentGCThread "G1 Young RemSet Sampling" [stack: 0x000000223c100000,0x000000223c200000] [id=11404]

Threads with active compile tasks:
C2 CompilerThread02993       4       java.lang.invoke.VarHandleGuards::guard_LII_Z (70 bytes)

VM state:at safepoint (shutting down)

VM Mutex/Monitor currently owned by a thread:  ([mutex/lock_event])
[0x000001afb66f2a40] Threads_lock - owner thread: 0x000001afd5a79800

Heap address: 0x0000000083400000, size: 1996 MB, Compressed Oops mode: 32-bit
Narrow klass base: 0x0000000000000000, Narrow klass shift: 3
Compressed class space size: 1073741824 Address: 0x0000000100000000

Heap:
 garbage-first heap   total 129024K, used 40436K [0x0000000083400000, 0x0000000100000000)
  region size 1024K, 34 young (34816K), 3 survivors (3072K)
 Metaspace       used 30801K, capacity 31392K, committed 31616K, reserved 1077248K
  class space    used 3430K, capacity 3660K, committed 3712K, reserved 1048576K
Heap Regions: E=young(eden), S=young(survivor), O=old, HS=humongous(starts), HC=humongous(continues), CS=collection set, F=free, A=archive, TAMS=top-at-mark-start (previous, next)
|   0|0x0000000083400000, 0x0000000083500000, 0x0000000083500000|100%|HS|  |TAMS 0x0000000083500000, 0x0000000083400000| Complete 
|   1|0x0000000083500000, 0x0000000083600000, 0x0000000083600000|100%| O|  |TAMS 0x0000000083600000, 0x0000000083500000| Untracked 
|   2|0x0000000083600000, 0x0000000083700000, 0x0000000083700000|100%| O|  |TAMS 0x0000000083700000, 0x0000000083600000| Untracked 
|   3|0x0000000083700000, 0x0000000083800000, 0x0000000083800000|100%| O|  |TAMS 0x0000000083800000, 0x0000000083700000| Untracked 
|   4|0x0000000083800000, 0x0000000083900000, 0x0000000083900000|100%| O|  |TAMS 0x0000000083900000, 0x0000000083800000| Untracked 
|   5|0x0000000083900000, 0x0000000083a00000, 0x0000000083a00000|100%| O|  |TAMS 0x0000000083a00000, 0x0000000083900000| Untracked 
|   6|0x0000000083a00000, 0x0000000083a7d000, 0x0000000083b00000| 48%| O|  |TAMS 0x0000000083a7d000, 0x0000000083a00000| Untracked 
|   7|0x0000000083b00000, 0x0000000083b00000, 0x0000000083c00000|  0%| F|  |TAMS 0x0000000083b00000, 0x0000000083b00000| Untracked 
|   8|0x0000000083c00000, 0x0000000083c00000, 0x0000000083d00000|  0%| F|  |TAMS 0x0000000083c00000, 0x0000000083c00000| Untracked 
|   9|0x0000000083d00000, 0x0000000083d00000, 0x0000000083e00000|  0%| F|  |TAMS 0x0000000083d00000, 0x0000000083d00000| Untracked 
|  10|0x0000000083e00000, 0x0000000083e00000, 0x0000000083f00000|  0%| F|  |TAMS 0x0000000083e00000, 0x0000000083e00000| Untracked 
|  11|0x0000000083f00000, 0x0000000083f00000, 0x0000000084000000|  0%| F|  |TAMS 0x0000000083f00000, 0x0000000083f00000| Untracked 
|  12|0x0000000084000000, 0x0000000084000000, 0x0000000084100000|  0%| F|  |TAMS 0x0000000084000000, 0x0000000084000000| Untracked 
|  13|0x0000000084100000, 0x0000000084100000, 0x0000000084200000|  0%| F|  |TAMS 0x0000000084100000, 0x0000000084100000| Untracked 
|  14|0x0000000084200000, 0x0000000084200000, 0x0000000084300000|  0%| F|  |TAMS 0x0000000084200000, 0x0000000084200000| Untracked 
|  15|0x0000000084300000, 0x0000000084300000, 0x0000000084400000|  0%| F|  |TAMS 0x0000000084300000, 0x0000000084300000| Untracked 
|  16|0x0000000084400000, 0x0000000084400000, 0x0000000084500000|  0%| F|  |TAMS 0x0000000084400000, 0x0000000084400000| Untracked 
|  17|0x0000000084500000, 0x0000000084500000, 0x0000000084600000|  0%| F|  |TAMS 0x0000000084500000, 0x0000000084500000| Untracked 
|  18|0x0000000084600000, 0x0000000084600000, 0x0000000084700000|  0%| F|  |TAMS 0x0000000084600000, 0x0000000084600000| Untracked 
|  19|0x0000000084700000, 0x0000000084700000, 0x0000000084800000|  0%| F|  |TAMS 0x0000000084700000, 0x0000000084700000| Untracked 
|  20|0x0000000084800000, 0x0000000084800000, 0x0000000084900000|  0%| F|  |TAMS 0x0000000084800000, 0x0000000084800000| Untracked 
|  21|0x0000000084900000, 0x0000000084900000, 0x0000000084a00000|  0%| F|  |TAMS 0x0000000084900000, 0x0000000084900000| Untracked 
|  22|0x0000000084a00000, 0x0000000084a00000, 0x0000000084b00000|  0%| F|  |TAMS 0x0000000084a00000, 0x0000000084a00000| Untracked 
|  23|0x0000000084b00000, 0x0000000084b00000, 0x0000000084c00000|  0%| F|  |TAMS 0x0000000084b00000, 0x0000000084b00000| Untracked 
|  24|0x0000000084c00000, 0x0000000084c00000, 0x0000000084d00000|  0%| F|  |TAMS 0x0000000084c00000, 0x0000000084c00000| Untracked 
|  25|0x0000000084d00000, 0x0000000084d00000, 0x0000000084e00000|  0%| F|  |TAMS 0x0000000084d00000, 0x0000000084d00000| Untracked 
|  26|0x0000000084e00000, 0x0000000084e00000, 0x0000000084f00000|  0%| F|  |TAMS 0x0000000084e00000, 0x0000000084e00000| Untracked 
|  27|0x0000000084f00000, 0x0000000084f00000, 0x0000000085000000|  0%| F|  |TAMS 0x0000000084f00000, 0x0000000084f00000| Untracked 
|  28|0x0000000085000000, 0x0000000085000000, 0x0000000085100000|  0%| F|  |TAMS 0x0000000085000000, 0x0000000085000000| Untracked 
|  29|0x0000000085100000, 0x0000000085100000, 0x0000000085200000|  0%| F|  |TAMS 0x0000000085100000, 0x0000000085100000| Untracked 
|  30|0x0000000085200000, 0x0000000085200000, 0x0000000085300000|  0%| F|  |TAMS 0x0000000085200000, 0x0000000085200000| Untracked 
|  31|0x0000000085300000, 0x0000000085300000, 0x0000000085400000|  0%| F|  |TAMS 0x0000000085300000, 0x0000000085300000| Untracked 
|  32|0x0000000085400000, 0x0000000085400000, 0x0000000085500000|  0%| F|  |TAMS 0x0000000085400000, 0x0000000085400000| Untracked 
|  33|0x0000000085500000, 0x0000000085500000, 0x0000000085600000|  0%| F|  |TAMS 0x0000000085500000, 0x0000000085500000| Untracked 
|  34|0x0000000085600000, 0x0000000085600000, 0x0000000085700000|  0%| F|  |TAMS 0x0000000085600000, 0x0000000085600000| Untracked 
|  35|0x0000000085700000, 0x0000000085700000, 0x0000000085800000|  0%| F|  |TAMS 0x0000000085700000, 0x0000000085700000| Untracked 
|  36|0x0000000085800000, 0x0000000085800000, 0x0000000085900000|  0%| F|  |TAMS 0x0000000085800000, 0x0000000085800000| Untracked 
|  37|0x0000000085900000, 0x0000000085900000, 0x0000000085a00000|  0%| F|  |TAMS 0x0000000085900000, 0x0000000085900000| Untracked 
|  38|0x0000000085a00000, 0x0000000085a00000, 0x0000000085b00000|  0%| F|  |TAMS 0x0000000085a00000, 0x0000000085a00000| Untracked 
|  39|0x0000000085b00000, 0x0000000085b00000, 0x0000000085c00000|  0%| F|  |TAMS 0x0000000085b00000, 0x0000000085b00000| Untracked 
|  40|0x0000000085c00000, 0x0000000085c00000, 0x0000000085d00000|  0%| F|  |TAMS 0x0000000085c00000, 0x0000000085c00000| Untracked 
|  41|0x0000000085d00000, 0x0000000085d00000, 0x0000000085e00000|  0%| F|  |TAMS 0x0000000085d00000, 0x0000000085d00000| Untracked 
|  42|0x0000000085e00000, 0x0000000085e00000, 0x0000000085f00000|  0%| F|  |TAMS 0x0000000085e00000, 0x0000000085e00000| Untracked 
|  43|0x0000000085f00000, 0x0000000085f00000, 0x0000000086000000|  0%| F|  |TAMS 0x0000000085f00000, 0x0000000085f00000| Untracked 
|  44|0x0000000086000000, 0x0000000086000000, 0x0000000086100000|  0%| F|  |TAMS 0x0000000086000000, 0x0000000086000000| Untracked 
|  45|0x0000000086100000, 0x0000000086100000, 0x0000000086200000|  0%| F|  |TAMS 0x0000000086100000, 0x0000000086100000| Untracked 
|  46|0x0000000086200000, 0x0000000086200000, 0x0000000086300000|  0%| F|  |TAMS 0x0000000086200000, 0x0000000086200000| Untracked 
|  47|0x0000000086300000, 0x0000000086300000, 0x0000000086400000|  0%| F|  |TAMS 0x0000000086300000, 0x0000000086300000| Untracked 
|  48|0x0000000086400000, 0x0000000086400000, 0x0000000086500000|  0%| F|  |TAMS 0x0000000086400000, 0x0000000086400000| Untracked 
|  49|0x0000000086500000, 0x0000000086500000, 0x0000000086600000|  0%| F|  |TAMS 0x0000000086500000, 0x0000000086500000| Untracked 
|  50|0x0000000086600000, 0x0000000086600000, 0x0000000086700000|  0%| F|  |TAMS 0x0000000086600000, 0x0000000086600000| Untracked 
|  51|0x0000000086700000, 0x0000000086700000, 0x0000000086800000|  0%| F|  |TAMS 0x0000000086700000, 0x0000000086700000| Untracked 
|  52|0x0000000086800000, 0x0000000086800000, 0x0000000086900000|  0%| F|  |TAMS 0x0000000086800000, 0x0000000086800000| Untracked 
|  53|0x0000000086900000, 0x0000000086900000, 0x0000000086a00000|  0%| F|  |TAMS 0x0000000086900000, 0x0000000086900000| Untracked 
|  54|0x0000000086a00000, 0x0000000086a00000, 0x0000000086b00000|  0%| F|  |TAMS 0x0000000086a00000, 0x0000000086a00000| Untracked 
|  55|0x0000000086b00000, 0x0000000086b00000, 0x0000000086c00000|  0%| F|  |TAMS 0x0000000086b00000, 0x0000000086b00000| Untracked 
|  56|0x0000000086c00000, 0x0000000086c00000, 0x0000000086d00000|  0%| F|  |TAMS 0x0000000086c00000, 0x0000000086c00000| Untracked 
|  57|0x0000000086d00000, 0x0000000086d00000, 0x0000000086e00000|  0%| F|  |TAMS 0x0000000086d00000, 0x0000000086d00000| Untracked 
|  58|0x0000000086e00000, 0x0000000086e00000, 0x0000000086f00000|  0%| F|  |TAMS 0x0000000086e00000, 0x0000000086e00000| Untracked 
|  59|0x0000000086f00000, 0x0000000086f00000, 0x0000000087000000|  0%| F|  |TAMS 0x0000000086f00000, 0x0000000086f00000| Untracked 
|  60|0x0000000087000000, 0x0000000087000000, 0x0000000087100000|  0%| F|  |TAMS 0x0000000087000000, 0x0000000087000000| Untracked 
|  61|0x0000000087100000, 0x0000000087100000, 0x0000000087200000|  0%| F|  |TAMS 0x0000000087100000, 0x0000000087100000| Untracked 
|  62|0x0000000087200000, 0x0000000087200000, 0x0000000087300000|  0%| F|  |TAMS 0x0000000087200000, 0x0000000087200000| Untracked 
|  63|0x0000000087300000, 0x0000000087300000, 0x0000000087400000|  0%| F|  |TAMS 0x0000000087300000, 0x0000000087300000| Untracked 
|  64|0x0000000087400000, 0x0000000087400000, 0x0000000087500000|  0%| F|  |TAMS 0x0000000087400000, 0x0000000087400000| Untracked 
|  65|0x0000000087500000, 0x0000000087500000, 0x0000000087600000|  0%| F|  |TAMS 0x0000000087500000, 0x0000000087500000| Untracked 
|  66|0x0000000087600000, 0x0000000087600000, 0x0000000087700000|  0%| F|  |TAMS 0x0000000087600000, 0x0000000087600000| Untracked 
|  67|0x0000000087700000, 0x0000000087700000, 0x0000000087800000|  0%| F|  |TAMS 0x0000000087700000, 0x0000000087700000| Untracked 
|  68|0x0000000087800000, 0x0000000087800000, 0x0000000087900000|  0%| F|  |TAMS 0x0000000087800000, 0x0000000087800000| Untracked 
|  69|0x0000000087900000, 0x0000000087900000, 0x0000000087a00000|  0%| F|  |TAMS 0x0000000087900000, 0x0000000087900000| Untracked 
|  70|0x0000000087a00000, 0x0000000087a00000, 0x0000000087b00000|  0%| F|  |TAMS 0x0000000087a00000, 0x0000000087a00000| Untracked 
|  71|0x0000000087b00000, 0x0000000087b00000, 0x0000000087c00000|  0%| F|  |TAMS 0x0000000087b00000, 0x0000000087b00000| Untracked 
|  72|0x0000000087c00000, 0x0000000087c00000, 0x0000000087d00000|  0%| F|  |TAMS 0x0000000087c00000, 0x0000000087c00000| Untracked 
|  73|0x0000000087d00000, 0x0000000087d00000, 0x0000000087e00000|  0%| F|  |TAMS 0x0000000087d00000, 0x0000000087d00000| Untracked 
|  74|0x0000000087e00000, 0x0000000087e00000, 0x0000000087f00000|  0%| F|  |TAMS 0x0000000087e00000, 0x0000000087e00000| Untracked 
|  75|0x0000000087f00000, 0x0000000087f00000, 0x0000000088000000|  0%| F|  |TAMS 0x0000000087f00000, 0x0000000087f00000| Untracked 
|  76|0x0000000088000000, 0x0000000088000000, 0x0000000088100000|  0%| F|  |TAMS 0x0000000088000000, 0x0000000088000000| Untracked 
|  77|0x0000000088100000, 0x0000000088100000, 0x0000000088200000|  0%| F|  |TAMS 0x0000000088100000, 0x0000000088100000| Untracked 
|  78|0x0000000088200000, 0x0000000088200000, 0x0000000088300000|  0%| F|  |TAMS 0x0000000088200000, 0x0000000088200000| Untracked 
|  79|0x0000000088300000, 0x0000000088300000, 0x0000000088400000|  0%| F|  |TAMS 0x0000000088300000, 0x0000000088300000| Untracked 
|  80|0x0000000088400000, 0x0000000088400000, 0x0000000088500000|  0%| F|  |TAMS 0x0000000088400000, 0x0000000088400000| Untracked 
|  81|0x0000000088500000, 0x0000000088500000, 0x0000000088600000|  0%| F|  |TAMS 0x0000000088500000, 0x0000000088500000| Untracked 
|  82|0x0000000088600000, 0x0000000088600000, 0x0000000088700000|  0%| F|  |TAMS 0x0000000088600000, 0x0000000088600000| Untracked 
|  83|0x0000000088700000, 0x0000000088700000, 0x0000000088800000|  0%| F|  |TAMS 0x0000000088700000, 0x0000000088700000| Untracked 
|  84|0x0000000088800000, 0x0000000088800000, 0x0000000088900000|  0%| F|  |TAMS 0x0000000088800000, 0x0000000088800000| Untracked 
|  85|0x0000000088900000, 0x0000000088900000, 0x0000000088a00000|  0%| F|  |TAMS 0x0000000088900000, 0x0000000088900000| Untracked 
|  86|0x0000000088a00000, 0x0000000088a00000, 0x0000000088b00000|  0%| F|  |TAMS 0x0000000088a00000, 0x0000000088a00000| Untracked 
|  87|0x0000000088b00000, 0x0000000088b00000, 0x0000000088c00000|  0%| F|  |TAMS 0x0000000088b00000, 0x0000000088b00000| Untracked 
|  88|0x0000000088c00000, 0x0000000088c00000, 0x0000000088d00000|  0%| F|  |TAMS 0x0000000088c00000, 0x0000000088c00000| Untracked 
|  89|0x0000000088d00000, 0x0000000088d00000, 0x0000000088e00000|  0%| F|  |TAMS 0x0000000088d00000, 0x0000000088d00000| Untracked 
|  90|0x0000000088e00000, 0x0000000088e00000, 0x0000000088f00000|  0%| F|  |TAMS 0x0000000088e00000, 0x0000000088e00000| Untracked 
|  91|0x0000000088f00000, 0x0000000088f00000, 0x0000000089000000|  0%| F|  |TAMS 0x0000000088f00000, 0x0000000088f00000| Untracked 
|  92|0x0000000089000000, 0x000000008903df20, 0x0000000089100000| 24%| E|  |TAMS 0x0000000089000000, 0x0000000089000000| Complete 
|  93|0x0000000089100000, 0x0000000089200000, 0x0000000089200000|100%| E|CS|TAMS 0x0000000089100000, 0x0000000089100000| Complete 
|  94|0x0000000089200000, 0x0000000089300000, 0x0000000089300000|100%| E|CS|TAMS 0x0000000089200000, 0x0000000089200000| Complete 
|  95|0x0000000089300000, 0x0000000089400000, 0x0000000089400000|100%| E|CS|TAMS 0x0000000089300000, 0x0000000089300000| Complete 
|  96|0x0000000089400000, 0x0000000089500000, 0x0000000089500000|100%| E|CS|TAMS 0x0000000089400000, 0x0000000089400000| Complete 
|  97|0x0000000089500000, 0x0000000089600000, 0x0000000089600000|100%| E|CS|TAMS 0x0000000089500000, 0x0000000089500000| Complete 
|  98|0x0000000089600000, 0x0000000089700000, 0x0000000089700000|100%| E|CS|TAMS 0x0000000089600000, 0x0000000089600000| Complete 
|  99|0x0000000089700000, 0x0000000089800000, 0x0000000089800000|100%| E|CS|TAMS 0x0000000089700000, 0x0000000089700000| Complete 
| 100|0x0000000089800000, 0x0000000089900000, 0x0000000089900000|100%| E|CS|TAMS 0x0000000089800000, 0x0000000089800000| Complete 
| 101|0x0000000089900000, 0x0000000089a00000, 0x0000000089a00000|100%| E|CS|TAMS 0x0000000089900000, 0x0000000089900000| Complete 
| 102|0x0000000089a00000, 0x0000000089b00000, 0x0000000089b00000|100%| E|CS|TAMS 0x0000000089a00000, 0x0000000089a00000| Complete 
| 103|0x0000000089b00000, 0x0000000089c00000, 0x0000000089c00000|100%| E|CS|TAMS 0x0000000089b00000, 0x0000000089b00000| Complete 
| 104|0x0000000089c00000, 0x0000000089d00000, 0x0000000089d00000|100%| E|CS|TAMS 0x0000000089c00000, 0x0000000089c00000| Complete 
| 105|0x0000000089d00000, 0x0000000089e00000, 0x0000000089e00000|100%| E|CS|TAMS 0x0000000089d00000, 0x0000000089d00000| Complete 
| 106|0x0000000089e00000, 0x0000000089f00000, 0x0000000089f00000|100%| S|CS|TAMS 0x0000000089e00000, 0x0000000089e00000| Complete 
| 107|0x0000000089f00000, 0x000000008a000000, 0x000000008a000000|100%| S|CS|TAMS 0x0000000089f00000, 0x0000000089f00000| Complete 
| 108|0x000000008a000000, 0x000000008a100000, 0x000000008a100000|100%| S|CS|TAMS 0x000000008a000000, 0x000000008a000000| Complete 
| 109|0x000000008a100000, 0x000000008a200000, 0x000000008a200000|100%| E|CS|TAMS 0x000000008a100000, 0x000000008a100000| Complete 
| 110|0x000000008a200000, 0x000000008a300000, 0x000000008a300000|100%| E|CS|TAMS 0x000000008a200000, 0x000000008a200000| Complete 
| 111|0x000000008a300000, 0x000000008a400000, 0x000000008a400000|100%| E|CS|TAMS 0x000000008a300000, 0x000000008a300000| Complete 
| 112|0x000000008a400000, 0x000000008a500000, 0x000000008a500000|100%| E|CS|TAMS 0x000000008a400000, 0x000000008a400000| Complete 
| 113|0x000000008a500000, 0x000000008a600000, 0x000000008a600000|100%| E|CS|TAMS 0x000000008a500000, 0x000000008a500000| Complete 
| 114|0x000000008a600000, 0x000000008a700000, 0x000000008a700000|100%| E|CS|TAMS 0x000000008a600000, 0x000000008a600000| Complete 
| 115|0x000000008a700000, 0x000000008a800000, 0x000000008a800000|100%| E|CS|TAMS 0x000000008a700000, 0x000000008a700000| Complete 
| 116|0x000000008a800000, 0x000000008a900000, 0x000000008a900000|100%| E|CS|TAMS 0x000000008a800000, 0x000000008a800000| Complete 
| 117|0x000000008a900000, 0x000000008aa00000, 0x000000008aa00000|100%| E|CS|TAMS 0x000000008a900000, 0x000000008a900000| Complete 
| 118|0x000000008aa00000, 0x000000008ab00000, 0x000000008ab00000|100%| E|CS|TAMS 0x000000008aa00000, 0x000000008aa00000| Complete 
| 119|0x000000008ab00000, 0x000000008ac00000, 0x000000008ac00000|100%| E|CS|TAMS 0x000000008ab00000, 0x000000008ab00000| Complete 
| 120|0x000000008ac00000, 0x000000008ad00000, 0x000000008ad00000|100%| E|CS|TAMS 0x000000008ac00000, 0x000000008ac00000| Complete 
| 121|0x000000008ad00000, 0x000000008ae00000, 0x000000008ae00000|100%| E|CS|TAMS 0x000000008ad00000, 0x000000008ad00000| Complete 
| 122|0x000000008ae00000, 0x000000008af00000, 0x000000008af00000|100%| E|CS|TAMS 0x000000008ae00000, 0x000000008ae00000| Complete 
| 123|0x000000008af00000, 0x000000008b000000, 0x000000008b000000|100%| E|CS|TAMS 0x000000008af00000, 0x000000008af00000| Complete 
| 124|0x000000008b000000, 0x000000008b100000, 0x000000008b100000|100%| E|CS|TAMS 0x000000008b000000, 0x000000008b000000| Complete 
| 125|0x000000008b100000, 0x000000008b200000, 0x000000008b200000|100%| E|CS|TAMS 0x000000008b100000, 0x000000008b100000| Complete 

Card table byte_map: [0x000001afce970000,0x000001afced60000] _byte_map_base: 0x000001afce556000

Marking Bits (Prev, Next): (CMBitMap*) 0x000001afb67355d0, (CMBitMap*) 0x000001afb6735598
 Prev Bits: [0x000001afd1080000, 0x000001afd2fb0000)
 Next Bits: [0x000001afcf150000, 0x000001afd1080000)

Polling page: 0x000001afb4f00000

Metaspace:

Usage:
  Non-class:     27.08 MB capacity,    26.73 MB ( 99%) used,   293.45 KB (  1%) free+waste,    67.13 KB ( <1%) overhead. 
      Class:      3.57 MB capacity,     3.35 MB ( 94%) used,   197.79 KB (  5%) free+waste,    31.81 KB ( <1%) overhead. 
       Both:     30.66 MB capacity,    30.08 MB ( 98%) used,   491.23 KB (  2%) free+waste,    98.94 KB ( <1%) overhead. 

Virtual space:
  Non-class space:       28.00 MB reserved,      27.25 MB ( 97%) committed 
      Class space:        1.00 GB reserved,       3.63 MB ( <1%) committed 
             Both:        1.03 GB reserved,      30.88 MB (  3%) committed 

Chunk freelists:
   Non-Class:  5.50 KB
       Class:  2.50 KB
        Both:  8.00 KB

CodeHeap 'non-profiled nmethods': size=120000Kb used=1087Kb max_used=1087Kb free=118913Kb
 bounds [0x000001afc65e0000, 0x000001afc6850000, 0x000001afcdb10000]
CodeHeap 'profiled nmethods': size=120000Kb used=6346Kb max_used=6346Kb free=113653Kb
 bounds [0x000001afbf0b0000, 0x000001afbf6f0000, 0x000001afc65e0000]
CodeHeap 'non-nmethods': size=5760Kb used=1280Kb max_used=1290Kb free=4479Kb
 bounds [0x000001afbeb10000, 0x000001afbed80000, 0x000001afbf0b0000]
 total_blobs=4350 nmethods=2991 adapters=593
 compilation: enabled
              stopped_count=0, restarted_count=0
 full_count=0

Compilation events (10 events):
Event: 7.952 Thread 0x000001afd5aa1800 nmethod 2988 0x000001afbf6e1a10 code [0x000001afbf6e1be0, 0x000001afbf6e2050]
Event: 7.952 Thread 0x000001afd5aa1800 2989       1       java.awt.Window::getContainer (2 bytes)
Event: 7.952 Thread 0x000001afd5aa1800 nmethod 2989 0x000001afc66ef610 code [0x000001afc66ef7a0, 0x000001afc66ef8b8]
Event: 7.952 Thread 0x000001afd5aa1800 2990       3       java.util.IdentityHashMap$KeyIterator::next (13 bytes)
Event: 7.953 Thread 0x000001afd5aa1800 nmethod 2990 0x000001afbf6e2190 code [0x000001afbf6e2360, 0x000001afbf6e2650]
Event: 7.953 Thread 0x000001afd5aa1800 2991       3       java.util.IdentityHashMap::unmaskNull (13 bytes)
Event: 7.953 Thread 0x000001afd5aa1800 nmethod 2991 0x000001afbf6e2790 code [0x000001afbf6e2940, 0x000001afbf6e2ad8]
Event: 7.953 Thread 0x000001afd5aa1800 2992       1       java.util.concurrent.CopyOnWriteArrayList::getArray (5 bytes)
Event: 7.953 Thread 0x000001afd5aa1800 nmethod 2992 0x000001afc66ef910 code [0x000001afc66efaa0, 0x000001afc66efbb8]
Event: 8.068 Thread 0x000001afd5a95800 2993       4       java.lang.invoke.VarHandleGuards::guard_LII_Z (70 bytes)

GC Heap History (4 events):
Event: 2.504 GC heap before
{Heap before GC invocations=0 (full 0):
 garbage-first heap   total 129024K, used 25600K [0x0000000083400000, 0x0000000100000000)
  region size 1024K, 24 young (24576K), 0 survivors (0K)
 Metaspace       used 17099K, capacity 17557K, committed 17664K, reserved 1064960K
  class space    used 1845K, capacity 2038K, committed 2048K, reserved 1048576K
}
Event: 2.510 GC heap after
{Heap after GC invocations=1 (full 0):
 garbage-first heap   total 129024K, used 6068K [0x0000000083400000, 0x0000000100000000)
  region size 1024K, 3 young (3072K), 3 survivors (3072K)
 Metaspace       used 17099K, capacity 17557K, committed 17664K, reserved 1064960K
  class space    used 1845K, capacity 2038K, committed 2048K, reserved 1048576K
}
Event: 2.750 GC heap before
{Heap before GC invocations=1 (full 0):
 garbage-first heap   total 129024K, used 21428K [0x0000000083400000, 0x0000000100000000)
  region size 1024K, 20 young (20480K), 3 survivors (3072K)
 Metaspace       used 20705K, capacity 21130K, committed 21248K, reserved 1069056K
  class space    used 2290K, capacity 2503K, committed 2560K, reserved 1048576K
}
Event: 2.754 GC heap after
{Heap after GC invocations=2 (full 0):
 garbage-first heap   total 129024K, used 9716K [0x0000000083400000, 0x0000000100000000)
  region size 1024K, 3 young (3072K), 3 survivors (3072K)
 Metaspace       used 20705K, capacity 21130K, committed 21248K, reserved 1069056K
  class space    used 2290K, capacity 2503K, committed 2560K, reserved 1048576K
}

Deoptimization events (10 events):
Event: 3.390 Thread 0x000001afd6cce000 Uncommon trap: reason=bimorphic_or_optimized_type_check action=maybe_recompile pc=0x000001afc66cd47c method=java.util.regex.Pattern$Start.match(Ljava/util/regex/Matcher;ILjava/lang/CharSequence;)Z @ 44 c2
Event: 3.395 Thread 0x000001afd6cce000 Uncommon trap: reason=class_check action=maybe_recompile pc=0x000001afc667c020 method=java.util.Hashtable.addEntry(ILjava/lang/Object;Ljava/lang/Object;I)V @ 18 c2
Event: 3.625 Thread 0x000001afd6cce000 Uncommon trap: reason=class_check action=maybe_recompile pc=0x000001afc66d4160 method=java.util.regex.Matcher.search(I)Z @ 121 c2
Event: 3.625 Thread 0x000001afd6cce000 Uncommon trap: reason=class_check action=maybe_recompile pc=0x000001afc66d4160 method=java.util.regex.Matcher.search(I)Z @ 121 c2
Event: 3.777 Thread 0x000001afd6cce000 Uncommon trap: reason=class_check action=maybe_recompile pc=0x000001afc66d4160 method=java.util.regex.Matcher.search(I)Z @ 121 c2
Event: 3.777 Thread 0x000001afd6cce000 Uncommon trap: reason=class_check action=maybe_recompile pc=0x000001afc66d4160 method=java.util.regex.Matcher.search(I)Z @ 121 c2
Event: 4.984 Thread 0x000001afd6cce000 Uncommon trap: reason=class_check action=maybe_recompile pc=0x000001afc66556a8 method=jdk.internal.misc.Unsafe.allocateUninitializedArray(Ljava/lang/Class;I)Ljava/lang/Object; @ 48 c2
Event: 4.984 Thread 0x000001afd6cce000 Uncommon trap: reason=class_check action=maybe_recompile pc=0x000001afc66556a8 method=jdk.internal.misc.Unsafe.allocateUninitializedArray(Ljava/lang/Class;I)Ljava/lang/Object; @ 48 c2
Event: 4.984 Thread 0x000001afd6cce000 Uncommon trap: reason=class_check action=maybe_recompile pc=0x000001afc66556a8 method=jdk.internal.misc.Unsafe.allocateUninitializedArray(Ljava/lang/Class;I)Ljava/lang/Object; @ 48 c2
Event: 4.985 Thread 0x000001afd6cce000 Uncommon trap: reason=class_check action=maybe_recompile pc=0x000001afc66556a8 method=jdk.internal.misc.Unsafe.allocateUninitializedArray(Ljava/lang/Class;I)Ljava/lang/Object; @ 48 c2

Classes redefined (0 events):
No events

Internal exceptions (10 events):
Event: 3.549 Thread 0x000001afd6cce000 Exception <a 'java/net/SocketTimeoutException'{0x00000000895d9450}: Read timed out> (0x00000000895d9450) thrown at [./open/src/hotspot/share/prims/jni.cpp, line 632]
Event: 3.648 Thread 0x000001afd6cce000 Exception <a 'java/net/SocketTimeoutException'{0x00000000895eece0}: Read timed out> (0x00000000895eece0) thrown at [./open/src/hotspot/share/prims/jni.cpp, line 632]
Event: 3.782 Thread 0x000001afd6cce000 Exception <a 'java/net/SocketTimeoutException'{0x0000000089400558}: Read timed out> (0x0000000089400558) thrown at [./open/src/hotspot/share/prims/jni.cpp, line 632]
Event: 3.848 Thread 0x000001afd6cce000 Exception <a 'java/net/SocketTimeoutException'{0x0000000089411de0}: Read timed out> (0x0000000089411de0) thrown at [./open/src/hotspot/share/prims/jni.cpp, line 632]
Event: 6.215 Thread 0x000001afd6cce000 Exception <a 'java/net/SocketTimeoutException'{0x0000000089373ed8}: Read timed out> (0x0000000089373ed8) thrown at [./open/src/hotspot/share/prims/jni.cpp, line 632]
Event: 6.295 Thread 0x000001afd6cce000 Exception <a 'java/net/SocketTimeoutException'{0x000000008928ad40}: Read timed out> (0x000000008928ad40) thrown at [./open/src/hotspot/share/prims/jni.cpp, line 632]
Event: 6.595 Thread 0x000001afd6cce000 Exception <a 'java/net/SocketTimeoutException'{0x000000008929ad10}: Read timed out> (0x000000008929ad10) thrown at [./open/src/hotspot/share/prims/jni.cpp, line 632]
Event: 6.662 Thread 0x000001afd6cce000 Exception <a 'java/lang/NoSuchMethodError'{0x0000000089111c10}: java.lang.invoke.DirectMethodHandle$Holder.invokeStatic(Ljava/lang/Object;ILjava/lang/Object;Ljava/lang/Object;)Ljava/lang/Object;> (0x0000000089111c10) thrown at [./open/src/hotspot/share/in
Event: 6.662 Thread 0x000001afd6cce000 Exception <a 'java/lang/NoSuchMethodError'{0x0000000089115af8}: java.lang.invoke.DirectMethodHandle$Holder.invokeSpecial(Ljava/lang/Object;Ljava/lang/Object;ILjava/lang/Object;Ljava/lang/Object;)Ljava/lang/Object;> (0x0000000089115af8) thrown at [./open/s
Event: 6.662 Thread 0x000001afd6cce000 Exception <a 'java/lang/NoSuchMethodError'{0x00000000891194d8}: java.lang.invoke.Invokers$Holder.linkToTargetMethod(ILjava/lang/Object;Ljava/lang/Object;Ljava/lang/Object;)Ljava/lang/Object;> (0x00000000891194d8) thrown at [./open/src/hotspot/share/interp

Events (10 events):
Event: 7.953 Thread 0x000001afd9804800 Thread exited: 0x000001afd9804800
Event: 7.953 Executing VM operation: RevokeBias
Event: 7.953 Executing VM operation: RevokeBias done
Event: 7.953 Thread 0x000001afd9805800 Thread exited: 0x000001afd9805800
Event: 7.953 Thread 0x000001afd9803800 Thread exited: 0x000001afd9803800
Event: 7.970 Executing VM operation: RevokeBias
Event: 7.970 Executing VM operation: RevokeBias done
Event: 7.970 Thread 0x000001afd6a9f000 Thread exited: 0x000001afd6a9f000
Event: 8.068 Thread 0x000001afd9803000 Thread exited: 0x000001afd9803000
Event: 8.068 Executing VM operation: Exit


Dynamic libraries:
0x00007ff7a91b0000 - 0x00007ff7a91f7000 	C:\Program Files\Java\jdk-11.0.7\bin\java.exe
0x00007ffb9c7d0000 - 0x00007ffb9c9c6000 	C:\Windows\SYSTEM32\ntdll.dll
0x00007ffb9c670000 - 0x00007ffb9c72d000 	C:\Windows\System32\KERNEL32.DLL
0x00007ffb9a140000 - 0x00007ffb9a409000 	C:\Windows\System32\KERNELBASE.dll
0x00007ffb9c0b0000 - 0x00007ffb9c15c000 	C:\Windows\System32\ADVAPI32.dll
0x00007ffb9b700000 - 0x00007ffb9b79e000 	C:\Windows\System32\msvcrt.dll
0x00007ffb9be60000 - 0x00007ffb9befc000 	C:\Windows\System32\sechost.dll
0x00007ffb9b3b0000 - 0x00007ffb9b4db000 	C:\Windows\System32\RPCRT4.dll
0x00007ffb9bf00000 - 0x00007ffb9c0a0000 	C:\Windows\System32\USER32.dll
0x00007ffb99f10000 - 0x00007ffb99f32000 	C:\Windows\System32\win32u.dll
0x00007ffb9b320000 - 0x00007ffb9b34a000 	C:\Windows\System32\GDI32.dll
0x00007ffb9a540000 - 0x00007ffb9a64b000 	C:\Windows\System32\gdi32full.dll
0x00007ffb9a410000 - 0x00007ffb9a4ad000 	C:\Windows\System32\msvcp_win.dll
0x00007ffb9a040000 - 0x00007ffb9a140000 	C:\Windows\System32\ucrtbase.dll
0x00007ffb7ccb0000 - 0x00007ffb7cf4b000 	C:\Windows\WinSxS\amd64_microsoft.windows.common-controls_6595b64144ccf1df_6.0.19041.746_none_ca02b4b61b8320a4\COMCTL32.dll
0x00007ffb8ccf0000 - 0x00007ffb8ccfa000 	C:\Windows\SYSTEM32\VERSION.dll
0x00007ffb9be20000 - 0x00007ffb9be50000 	C:\Windows\System32\IMM32.DLL
0x00007ffb84330000 - 0x00007ffb84346000 	C:\Program Files\Java\jdk-11.0.7\bin\vcruntime140.dll
0x00007ffb5d160000 - 0x00007ffb5d20a000 	C:\Program Files\Java\jdk-11.0.7\bin\msvcp140.dll
0x00007ffb47ad0000 - 0x00007ffb48631000 	C:\Program Files\Java\jdk-11.0.7\bin\server\jvm.dll
0x00007ffb9b130000 - 0x00007ffb9b138000 	C:\Windows\System32\PSAPI.DLL
0x00007ffb91030000 - 0x00007ffb91057000 	C:\Windows\SYSTEM32\WINMM.dll
0x00007ffb90be0000 - 0x00007ffb90be9000 	C:\Windows\SYSTEM32\WSOCK32.dll
0x00007ffb9bca0000 - 0x00007ffb9bd0b000 	C:\Windows\System32\WS2_32.dll
0x00007ffb987a0000 - 0x00007ffb987b2000 	C:\Windows\SYSTEM32\kernel.appcore.dll
0x00007ffb82930000 - 0x00007ffb82941000 	C:\Program Files\Java\jdk-11.0.7\bin\verify.dll
0x00007ffb97c80000 - 0x00007ffb97e64000 	C:\Windows\SYSTEM32\DBGHELP.DLL
0x00007ffb91000000 - 0x00007ffb9102c000 	C:\Windows\SYSTEM32\dbgcore.DLL
0x00007ffb9a650000 - 0x00007ffb9a6d0000 	C:\Windows\System32\bcryptPrimitives.dll
0x00007ffb6c4e0000 - 0x00007ffb6c509000 	C:\Program Files\Java\jdk-11.0.7\bin\java.dll
0x00007ffb877c0000 - 0x00007ffb877ca000 	C:\Program Files\Java\jdk-11.0.7\bin\jimage.dll
0x00007ffb80980000 - 0x00007ffb80996000 	C:\Program Files\Java\jdk-11.0.7\bin\zip.dll
0x00007ffb9a910000 - 0x00007ffb9b052000 	C:\Windows\System32\SHELL32.dll
0x00007ffb98000000 - 0x00007ffb98790000 	C:\Windows\SYSTEM32\windows.storage.dll
0x00007ffb9c160000 - 0x00007ffb9c4b6000 	C:\Windows\System32\combase.dll
0x00007ffb99970000 - 0x00007ffb9999c000 	C:\Windows\SYSTEM32\Wldp.dll
0x00007ffb9b270000 - 0x00007ffb9b31e000 	C:\Windows\System32\SHCORE.dll
0x00007ffb9b350000 - 0x00007ffb9b3a5000 	C:\Windows\System32\shlwapi.dll
0x00007ffb99e40000 - 0x00007ffb99e66000 	C:\Windows\SYSTEM32\profapi.dll
0x00007ffb80670000 - 0x00007ffb80689000 	C:\Program Files\Java\jdk-11.0.7\bin\net.dll
0x00007ffb91d90000 - 0x00007ffb91e90000 	C:\Windows\SYSTEM32\WINHTTP.dll
0x00007ffb99680000 - 0x00007ffb996ea000 	C:\Windows\system32\mswsock.dll
0x00007ffb734e0000 - 0x00007ffb734f3000 	C:\Program Files\Java\jdk-11.0.7\bin\nio.dll
0x00007ffb5a960000 - 0x00007ffb5aaff000 	C:\Program Files\Java\jdk-11.0.7\bin\awt.dll
0x00007ffb9b060000 - 0x00007ffb9b12d000 	C:\Windows\System32\OLEAUT32.dll
0x00007ffb942a0000 - 0x00007ffb94330000 	C:\Windows\SYSTEM32\apphelp.dll
0x00007ffb943a0000 - 0x00007ffb9443e000 	C:\Windows\system32\uxtheme.dll
0x00007ffb9b500000 - 0x00007ffb9b615000 	C:\Windows\System32\MSCTF.dll
0x00007ffb83e90000 - 0x00007ffb83eb2000 	C:\Users\nisid\AppData\Local\Temp\78E6.tmp
0x00007ffb9b140000 - 0x00007ffb9b26a000 	C:\Windows\System32\ole32.dll
0x00007ffb99870000 - 0x00007ffb9987c000 	C:\Windows\SYSTEM32\CRYPTBASE.DLL
0x00007ffb975a0000 - 0x00007ffb975cf000 	C:\Windows\system32\DWMAPI.DLL
0x00007ffb83c40000 - 0x00007ffb83d65000 	C:\Windows\system32\opengl32.dll
0x00007ffb87d30000 - 0x00007ffb87d5c000 	C:\Windows\SYSTEM32\GLU32.dll
0x00007ffb5bf30000 - 0x00007ffb5bfb4000 	C:\Program Files\Java\jdk-11.0.7\bin\freetype.dll
0x00007ffb51770000 - 0x00007ffb5181b000 	C:\Program Files\Java\jdk-11.0.7\bin\fontmanager.dll
0x00007ffb9bd70000 - 0x00007ffb9be19000 	C:\Windows\System32\clbcatq.dll
0x00007ffb91bb0000 - 0x00007ffb91d64000 	C:\Windows\SYSTEM32\WindowsCodecs.dll
0x00007ffb9a510000 - 0x00007ffb9a537000 	C:\Windows\System32\bcrypt.dll
0x00007ffb89170000 - 0x00007ffb8926b000 	C:\Windows\SYSTEM32\textinputframework.dll
0x00007ffb93fe0000 - 0x00007ffb940d2000 	C:\Windows\System32\CoreMessaging.dll
0x00007ffb93900000 - 0x00007ffb93c5e000 	C:\Windows\System32\CoreUIComponents.dll
0x00007ffb98c10000 - 0x00007ffb98c43000 	C:\Windows\SYSTEM32\ntmarta.dll
0x00007ffb92810000 - 0x00007ffb92964000 	C:\Windows\SYSTEM32\wintypes.dll
0x00007ffb64e90000 - 0x00007ffb64eb6000 	C:\Program Files\Java\jdk-11.0.7\bin\sunec.dll
0x00007ffb86590000 - 0x00007ffb8659e000 	C:\Program Files\Java\jdk-11.0.7\bin\sunmscapi.dll
0x00007ffb9a6d0000 - 0x00007ffb9a826000 	C:\Windows\System32\CRYPT32.dll
0x00007ffb999e0000 - 0x00007ffb99a07000 	C:\Windows\SYSTEM32\ncrypt.dll
0x00007ffb999a0000 - 0x00007ffb999db000 	C:\Windows\SYSTEM32\NTASN1.dll
0x00007ffb99850000 - 0x00007ffb99868000 	C:\Windows\SYSTEM32\CRYPTSP.dll
0x00007ffb98f90000 - 0x00007ffb98fc4000 	C:\Windows\system32\rsaenh.dll
0x00007ffb99dc0000 - 0x00007ffb99dee000 	C:\Windows\SYSTEM32\USERENV.dll
0x00007ffb99370000 - 0x00007ffb993ab000 	C:\Windows\SYSTEM32\IPHLPAPI.DLL
0x00007ffb9c0a0000 - 0x00007ffb9c0a8000 	C:\Windows\System32\NSI.dll
0x00007ffb8eaa0000 - 0x00007ffb8eab7000 	C:\Windows\SYSTEM32\dhcpcsvc6.DLL
0x00007ffb8ed10000 - 0x00007ffb8ed2d000 	C:\Windows\SYSTEM32\dhcpcsvc.DLL
0x00007ffb993b0000 - 0x00007ffb9947b000 	C:\Windows\SYSTEM32\DNSAPI.dll
0x00007ffb8e170000 - 0x00007ffb8e17a000 	C:\Windows\System32\rasadhlp.dll
0x00007ffb8caf0000 - 0x00007ffb8cb6f000 	C:\Windows\System32\fwpuclnt.dll
0x00007ffb8cc30000 - 0x00007ffb8cce0000 	C:\Windows\WinSxS\amd64_microsoft.windows.common-controls_6595b64144ccf1df_5.82.19041.488_none_4238de57f6b64d28\comctl32.dll
0x00007ffb8ee90000 - 0x00007ffb8eecb000 	C:\Windows\SYSTEM32\dxcore.dll
0x00007ffb99ff0000 - 0x00007ffb9a03e000 	C:\Windows\System32\cfgmgr32.dll

dbghelp: loaded successfully - version: 4.0.5 - missing functions: none
symbol engine: initialized successfully - sym options: 0x614 - pdb path: .;C:\Program Files\Java\jdk-11.0.7\bin;C:\Windows\SYSTEM32;C:\Windows\WinSxS\amd64_microsoft.windows.common-controls_6595b64144ccf1df_6.0.19041.746_none_ca02b4b61b8320a4;C:\Program Files\Java\jdk-11.0.7\bin\server;C:\Users\nisid\AppData\Local\Temp;C:\Windows\WinSxS\amd64_microsoft.windows.common-controls_6595b64144ccf1df_5.82.19041.488_none_4238de57f6b64d28

VM Arguments:
jvm_args: -Dfile.encoding=UTF-8 
java_command: voting.voter.Vote
java_class_path (initial): D:\JAVA_Programs\Blockchain-Voting-System\required_jars\Java-WebSocket-1.3.8.jar;D:\JAVA_Programs\Blockchain-Voting-System\required_jars\abi-3.6.0.jar;D:\JAVA_Programs\Blockchain-Voting-System\required_jars\asm-5.0.3.jar;D:\JAVA_Programs\Blockchain-Voting-System\required_jars\asm-analysis-5.0.3.jar;D:\JAVA_Programs\Blockchain-Voting-System\required_jars\asm-commons-5.0.3.jar;D:\JAVA_Programs\Blockchain-Voting-System\required_jars\asm-tree-5.0.3.jar;D:\JAVA_Programs\Blockchain-Voting-System\required_jars\asm-util-5.0.3.jar;D:\JAVA_Programs\Blockchain-Voting-System\required_jars\bcprov-jdk15on-1.54.jar;D:\JAVA_Programs\Blockchain-Voting-System\required_jars\codegen-3.6.0.jar;D:\JAVA_Programs\Blockchain-Voting-System\required_jars\console-3.6.0.jar;D:\JAVA_Programs\Blockchain-Voting-System\required_jars\core-3.6.0.jar;D:\JAVA_Programs\Blockchain-Voting-System\required_jars\crypto-3.6.0.jar;D:\JAVA_Programs\Blockchain-Voting-System\required_jars\infura-3.6.0.jar;D:\JAVA_Programs\Blockchain-Voting-System\required_jars\jackson-annotations-2.8.0.jar;D:\JAVA_Programs\Blockchain-Voting-System\required_jars\jackson-core-2.8.5.jar;D:\JAVA_Programs\Blockchain-Voting-System\required_jars\jackson-databind-2.8.5.jar;D:\JAVA_Programs\Blockchain-Voting-System\required_jars\javapoet-1.7.0.jar;D:\JAVA_Programs\Blockchain-Voting-System\required_jars\jffi-1.2.14-native.jar;D:\JAVA_Programs\Blockchain-Voting-System\required_jars\jffi-1.2.14.jar;D:\JAVA_Programs\Blockchain-Voting-System\required_jars\jnr-constants-0.9.6.jar;D:\JAVA_Programs\Blockchain-Voting-System\required_jars\jnr-enxio-0.14.jar;D:\JAVA_Programs\Blockchain-Voting-System\required_jars\jnr-ffi-2.1.2.jar;D:\JAVA_Programs\Blockchain-Voting-System\required_jars\jnr-posix-3.0.33.jar;D:\JAVA_Programs\Blockchain-Voting-System\required_jars\jnr-unixsocket-0.15.jar;D:\JAVA_Programs\Blockchain-Voting-System\required_jars\jnr-x86asm-1.0.2.jar;D:\JAVA_Programs\Blockchain-Voting-System\required_jars\loggi
Launcher Type: SUN_STANDARD

[Global flags]
     intx CICompilerCount                          = 4                                         {product} {ergonomic}
     uint ConcGCThreads                            = 2                                         {product} {ergonomic}
     uint G1ConcRefinementThreads                  = 8                                         {product} {ergonomic}
   size_t G1HeapRegionSize                         = 1048576                                   {product} {ergonomic}
    uintx GCDrainStackTargetSize                   = 64                                        {product} {ergonomic}
   size_t InitialHeapSize                          = 132120576                                 {product} {ergonomic}
   size_t MarkStackSize                            = 4194304                                   {product} {ergonomic}
   size_t MaxHeapSize                              = 2092957696                                {product} {ergonomic}
   size_t MaxNewSize                               = 1255145472                                {product} {ergonomic}
   size_t MinHeapDeltaBytes                        = 1048576                                   {product} {ergonomic}
    uintx NonNMethodCodeHeapSize                   = 5836300                                {pd product} {ergonomic}
    uintx NonProfiledCodeHeapSize                  = 122910970                              {pd product} {ergonomic}
    uintx ProfiledCodeHeapSize                     = 122910970                              {pd product} {ergonomic}
    uintx ReservedCodeCacheSize                    = 251658240                              {pd product} {ergonomic}
     bool SegmentedCodeCache                       = true                                      {product} {ergonomic}
     bool UseCompressedClassPointers               = true                                 {lp64_product} {ergonomic}
     bool UseCompressedOops                        = true                                 {lp64_product} {ergonomic}
     bool UseG1GC                                  = true                                      {product} {ergonomic}
     bool UseLargePagesIndividualAllocation        = false                                  {pd product} {ergonomic}

Logging:
Log output configuration:
 #0: stdout all=warning uptime,level,tags
 #1: stderr all=off uptime,level,tags

Environment Variables:
PATH=C:\Python39\Scripts\;C:\Python39\;C:\Windows\system32;C:\Windows;C:\Windows\System32\Wbem;C:\Windows\System32\WindowsPowerShell\v1.0\;C:\Windows\System32\OpenSSH\;C:\Program Files\Java\jdk-11.0.7\bin;C:\Program Files\Git\cmd;C:\MinGW\bin;D:\flutter\bin;C:\Program Files\dotnet\;C:\Program Files\nodejs\;C:\ProgramData\chocolatey\bin;C:\Users\nisid\AppData\Local\Microsoft\WindowsApps;C:\Users\nisid\AppData\Local\Programs\Microsoft VS Code\bin;C:\Users\nisid\anaconda3\Scripts;C:\Users\nisid\anaconda3;C:\Users\nisid\anaconda3\Library\mingw-w64\bin;C:\Users\nisid\anaconda3\Library\bin;C:\Users\nisid\AppData\Roaming\npm
USERNAME=nisid
OS=Windows_NT
PROCESSOR_IDENTIFIER=Intel64 Family 6 Model 142 Stepping 12, GenuineIntel



---------------  S Y S T E M  ---------------

OS: Windows 10 , 64 bit Build 19041 (10.0.19041.804)

CPU:total 8 (initial active 8) (4 cores per cpu, 2 threads per core) family 6 model 142 stepping 12, cmov, cx8, fxsr, mmx, sse, sse2, sse3, ssse3, sse4.1, sse4.2, popcnt, avx, avx2, aes, clmul, erms, 3dnowpref, lzcnt, ht, tsc, tscinvbit, bmi1, bmi2, adx, fma

Memory: 4k page, system-wide physical 7976M (3103M free)
TotalPageFile size 9256M (AvailPageFile size 3473M)
current process WorkingSet (physical memory assigned to process): 134M, peak: 139M
current process commit charge ("private bytes"): 257M, peak: 260M

vm_info: Java HotSpot(TM) 64-Bit Server VM (11.0.7+8-LTS) for windows-amd64 JRE (11.0.7+8-LTS), built on Mar 12 2020 02:04:32 by "mach5one" with MS VC++ 15.5 (VS2017)

END.
